android/proguard-rules.pro

-verbose

-dontwarn android.support.**
-dontwarn com.badlogic.gdx.backends.android.AndroidFragmentApplication
-dontwarn com.badlogic.gdx.utils.GdxBuild
#-dontwarn com.badlogic.gdx.physics.box2d.utils.Box2DBuild
-dontwarn com.badlogic.gdx.jnigen.BuildTarget*
-dontwarn com.badlogic.gdx.graphics.g2d.freetype.FreetypeBuild



-keepclassmembers class com.badlogic.gdx.backends.android.AndroidInput* {
   <init>(com.badlogic.gdx.Application, android.content.Context, java.lang.Object, com.badlogic.gdx.backends.android.AndroidApplicationConfiguration);
}

#-keepclassmembers class com.badlogic.gdx.physics.box2d.World {
#   boolean contactFilter(long, long);
#   void    beginContact(long);
#   void    endContact(long);
#   void    preSolve(long, long);
#   void    postSolve(long, long);
#   boolean reportFixture(long);
#   float   reportRayFixture(long, float, float, float, float, float);
#}

-dontusemixedcaseclassnames
-dontskipnonpubliclibraryclasses
-verbose

# Optimization is turned off by default. Dex does not like code run
# through the ProGuard optimize and preverify steps (and performs some
# of these optimizations on its own).
#-dontoptimize
#-dontpreverify

# If you want to enable optimization, you should include the
# following:
-optimizations !code/simplification/arithmetic,!code/simplification/cast,!field/*,!class/merging/*
-optimizationpasses 5
-allowaccessmodification
#
# Note that you cannot just include these flags in your own
# configuration file; if you are including this file, optimization
# will be turned off. You'll need to either edit this file, or
# duplicate the contents of this file and remove the include of this
# file from your project's proguard.config path property.

-keep public class com.google.android.gms.* { public *; }
-dontwarn com.google.android.gms.**

-keep public class * extends android.app.Activity
-keep public class * extends android.app.Application
-keep public class * extends android.app.Service
-keep public class * extends android.content.BroadcastReceiver
-keep public class * extends android.content.ContentProvider
-keep public class * extends android.app.backup.BackupAgent
-keep public class * extends android.preference.Preference
-keep public class * extends android.app.Fragment

# For native methods, see http://proguard.sourceforge.net/manual/examples.html#native
-keepclasseswithmembernames class * {
 native <methods>;
}

-keep public class * extends android.view.View {
 public <init>(android.content.Context);
 public <init>(android.content.Context, android.util.AttributeSet);
 public <init>(android.content.Context, android.util.AttributeSet, int);
 public void set*(...);
}

-keepclasseswithmembers class * {
 public <init>(android.content.Context, android.util.AttributeSet);
}

-keepclasseswithmembers class * {
 public <init>(android.content.Context, android.util.AttributeSet, int);
}

-keepclassmembers class * extends android.app.Activity {
 public void *(android.view.View);
}

# For enumeration classes, see http://proguard.sourceforge.net/manual/examples.html#enumerations
-keepclassmembers enum * {
 public static **[] values();
 public static ** valueOf(java.lang.String);
}

-keep class * implements android.os.Parcelable {
 public static final android.os.Parcelable$Creator *;
}

-keepclassmembers class **.R$* {
 public static <fields>;
}

-keep class android.support.v4.app.* { *; }
-keep interface android.support.v4.app.* { *; }
-keep class com.actionbarsherlock.* { *; }
-keep interface com.actionbarsherlock.* { *; }

# The support library contains references to newer platform versions.
# Don't warn about those in case this app is linking against an older
# platform version. We know about them, and they are safe.
-dontwarn android.support.**
-dontwarn com.google.ads.**
-keepattributes Exceptions, Signature, InnerClasses
-keepattributes SourceFile, LineNumberTable

-keep public class com.google.ads.mediation.admob.* { public *; }
-keep public class com.google.ads.mediation.unity.* { public *; }

-dontwarn com.google.ads.mediation.**
-keep public class com.google.ads.mediation.* { public *; }

-keep public class com.google.android.gms.ads.* {
    public *;
}

-keep public class com.google.ads.* {
    public *;
}

-keep public class com.facebook.* {
    public *;
}


-keep public class com.google.firebase.analytics.FirebaseAnalytics {
    public *;
}

-keep public class com.google.android.gms.measurement.AppMeasurement {
    public *;
}

-keep public class com.badlogic.gdx.utils.* { *; }

-keep public class com.dropnumber.model.* { *; }

-keepclassmembers enum * {*;}