android/build/outputs/mapping/release/seeds.txt
com.mygdx.game.AndroidLauncher
com.mygdx.game.CloudMess: CloudMess()
com.mygdx.game.AlarmReceiver
com.mygdx.game.AndroidLauncher: AndroidLauncher()
com.mygdx.game.AlarmReceiver: AlarmReceiver()
com.mygdx.game.CloudMess
...
com.badlogic.gdx.utils.JsonValue$PrettyPrintSettings: int singleLineColumns
com.facebook.ads.internal.util.common.ANActivityLifecycleCallbacksListener: void onActivityStarted(android.app.Activity)
com.badlogic.gdx.utils.IntMap$MapIterator: int INDEX_ZERO
com.badlogic.gdx.utils.ObjectFloatMap$MapIterator: com.badlogic.gdx.utils.ObjectFloatMap map
androidx.appcompat.widget.ActionBarContainer: void setTabContainer(androidx.appcompat.widget.ScrollingTabContainerView)
com.badlogic.gdx.utils.BufferUtils: void copy(java.nio.Buffer,java.nio.Buffer,int)
com.facebook.common.R$style: int TextAppearance_AppCompat_Widget_DropDownItem
androidx.appcompat.widget.ListPopupWindow: ListPopupWindow(android.content.Context,android.util.AttributeSet,int)
com.facebook.common.R$styleable: int AppCompatTheme_buttonBarStyle
com.facebook.R$attr: int icon
com.facebook.ads.AdOptionsView: void setSingleIcon(boolean)
com.badlogic.gdx.utils.ObjectFloatMap: int hashCode()
com.facebook.ads.internal.dynamicloading.DexLoadErrorReporter: DexLoadErrorReporter()
com.facebook.GraphRequestBatch: int size()
com.facebook.ads.NativeAdViewAttributes: int getButtonTextColor()
com.badlogic.gdx.utils.ObjectIntMap: void putStash(java.lang.Object,int)
androidx.appcompat.R$styleable: int AppCompatTheme_actionModeBackground
com.facebook.share.model.AppInviteContent$Builder$Destination: AppInviteContent$Builder$Destination(java.lang.String,int,java.lang.String)
com.google.android.gms.ads.mediation.MediationNativeAdapter: void onPause()
com.facebook.common.R$style: int TextAppearance_AppCompat_Medium
com.facebook.common.R$style: int Widget_AppCompat_EditText
com.facebook.login.R$styleable: int AppCompatTheme_actionModeWebSearchDrawable
androidx.appcompat.R$styleable: int GradientColor_android_endY
com.facebook.common.R$string: int com_facebook_internet_permission_error_title
com.google.android.gms.ads.formats.NativeContentAdView: NativeContentAdView(android.content.Context)
androidx.appcompat.R$attr: int switchStyle
com.facebook.R$style: int com_facebook_button_like
com.google.android.gms.ads.AdValue$PrecisionType
com.facebook.R$attr: int homeLayout
com.google.android.gms.internal.measurement.zzcd$zzf: com.google.android.gms.internal.measurement.zzjs zze
androidx.core.R$dimen: int notification_subtext_size
com.google.firebase.crashlytics.internal.settings.SettingsCacheBehavior: com.google.firebase.crashlytics.internal.settings.SettingsCacheBehavior[] $VALUES
com.badlogic.gdx.utils.UBJsonWriter: com.badlogic.gdx.utils.UBJsonWriter value(char[])
com.facebook.login.R$layout: int notification_action
com.facebook.ads.ExtraHints$Keyword: com.facebook.ads.ExtraHints$Keyword EMAIL
com.facebook.login.R$style: int Platform_AppCompat
androidx.appcompat.widget.Toolbar: androidx.appcompat.widget.ActionMenuPresenter getOuterActionMenuPresenter()
androidx.appcompat.R$style: int Base_Widget_AppCompat_EditText
com.facebook.ads.ExtraHints$Builder
androidx.core.R$dimen: int notification_small_icon_size_as_large
com.badlogic.gdx.utils.IntSet: IntSet(com.badlogic.gdx.utils.IntSet)
com.google.android.gms.internal.measurement.zzhs: com.google.android.gms.internal.measurement.zzhs zzad
com.facebook.login.R$dimen: int com_facebook_profilepictureview_preset_size_small
androidx.coordinatorlayout.R$styleable: int[] CoordinatorLayout
androidx.appcompat.R$styleable: int ActionBar_contentInsetStartWithNavigation
androidx.core.R$id: int info
com.badlogic.gdx.utils.JsonValue: long longValue
com.google.android.gms.internal.measurement.zzbv$zza: int zzc
com.facebook.common.R$style: int Base_Theme_AppCompat_DialogWhenLarge
com.facebook.R$styleable: int RecycleListView_paddingBottomNoButtons
androidx.appcompat.R$style: int TextAppearance_AppCompat_Widget_Switch
com.ss.core.util.GLayer: com.badlogic.gdx.scenes.scene2d.Touchable getTouchable()
com.google.android.gms.internal.ads.zzeeg: com.google.android.gms.internal.ads.zzeeg zzidf
com.facebook.FacebookActivity: void onCreate(android.os.Bundle)