android/build/outputs/mapping/release/usage.txt
com.mygdx.game.R$mipmap
com.mygdx.game.JokerSdk$10
com.mygdx.game.R$styleable
com.mygdx.game.R$anim
com.mygdx.game.R$integer
com.mygdx.game.R$style
com.mygdx.game.R
com.mygdx.game.R$xml
com.mygdx.game.R$drawable
com.mygdx.game.R$color
com.mygdx.game.BuildConfig
com.mygdx.game.R$bool
com.mygdx.game.JokerSdk:
    private boolean isSignedIn()
    private void signInSilently(java.lang.Runnable)
    private void startSignInIntent()
    static synthetic com.mygdx.game.AndroidLauncher access$300(com.mygdx.game.JokerSdk)
    static synthetic void access$400(com.mygdx.game.JokerSdk)
    public void ShareFb()
    public void Resize()
    public boolean GetConfigBooleanValue(java.lang.String,boolean)
    public void CrashKey(java.lang.String,java.lang.String)
    public void TrackingLevel(int)
    public void TrackLevelInfo(java.lang.String,int,int,int)
    public void TrackPlayerInfo(java.lang.String,int,int,int)
    public void TrackPlaneInfo(java.lang.String,int,int)
    public void TrackVideoReward(java.lang.String)
    public void TrackPlayerDead(java.lang.String,int,int,int,int,int,boolean)
    public void ReportScore(long)
    public void ShowLeaderboard()
    public void RestartApp()
    public void Restart()
    public void SetDailyNotification(int,java.lang.String,java.lang.String,int,int)
    public void CancelDailyNotification(int)
    public void ReportGameScore(java.lang.String,long)
    public void ShowGameLeaderBoard()
    private com.google.android.gms.games.LeaderboardsClient mLeaderboardsClient
    private static final java.lang.String TAG
    private static final int RC_LEADERBOARD_UI
    private static final int RC_UNUSED
    private static final int RC_SIGN_IN
    private static final java.lang.String LEADERBOARD_ID
com.mygdx.game.JokerSdk$11
com.mygdx.game.AlarmReceiver:
    public static final java.lang.String CUSTOM_INTENT
com.mygdx.game.R$dimen
com.mygdx.game.JokerSdk$9
com.mygdx.game.DailyNotification
com.mygdx.game.R$id
com.mygdx.game.R$layout
com.mygdx.game.R$string
com.mygdx.game.R$attr
com.mygdx.game.JokerSdk:
    public com.google.android.gms.auth.api.signin.GoogleSignInClient mGoogleSignInClient
    public boolean forceSignIn
...
com.ss.gameLogic.config.C$remote
com.badlogic.gdx.scenes.scene2d.actions.TimeScaleAction
androidx.vectordrawable.R
com.google.android.gms.tagmanager.zzes
com.google.android.gms.internal.games.zzbv
com.badlogic.gdx.math.CumulativeDistribution$CumulativeValue
com.badlogic.gdx.ai.steer.utils.paths.LinePath
com.badlogic.gdx.utils.compression.rangecoder.BitTreeEncoder
com.google.android.gms.games.internal.zzd$zzan
com.ss.core.util.CurvesSprite
com.google.android.gms.internal.games.zzg
com.google.android.gms.games.multiplayer.turnbased.TurnBasedMultiplayer$LoadMatchResult
com.google.android.datatransport.runtime.scheduling.persistence.SQLiteEventStore:
    static synthetic java.lang.Object lambda$clearDb$11(android.database.sqlite.SQLiteDatabase)
    public void clearDb()
    long getByteSize()
    private static final java.lang.String LOG_TAG
    static final int MAX_RETRIES
    private static final int LOCK_RETRY_BACK_OFF_MILLIS
com.facebook.share.R$drawable
com.google.android.gms.common.config.zzc:
    protected final synthetic java.lang.Object zza(java.lang.String)
com.badlogic.gdx.graphics.g3d.utils.BaseAnimationController$Transform
com.badlogic.gdx.graphics.g2d.PixmapPacker$GuillotineStrategy
androidx.room.Index
com.badlogic.gdx.graphics.g3d.particles.ParticleEffectLoader:
    private java.lang.Object find(com.badlogic.gdx.utils.Array,java.lang.Class)
    public void save(com.badlogic.gdx.graphics.g3d.particles.ParticleEffect,com.badlogic.gdx.graphics.g3d.particles.ParticleEffectLoader$ParticleEffectSaveParameter)
com.google.android.gms.tasks.Task:
    public abstract com.google.android.gms.tasks.Task addOnSuccessListener(com.google.android.gms.tasks.OnSuccessListener)
    public abstract com.google.android.gms.tasks.Task addOnSuccessListener(android.app.Activity,com.google.android.gms.tasks.OnSuccessListener)
    public abstract com.google.android.gms.tasks.Task addOnFailureListener(com.google.android.gms.tasks.OnFailureListener)
    public abstract com.google.android.gms.tasks.Task addOnFailureListener(android.app.Activity,com.google.android.gms.tasks.OnFailureListener)
    public com.google.android.gms.tasks.Task addOnCompleteListener(com.google.android.gms.tasks.OnCompleteListener)
    public com.google.android.gms.tasks.Task addOnCanceledListener(com.google.android.gms.tasks.OnCanceledListener)
    public com.google.android.gms.tasks.Task addOnCanceledListener(android.app.Activity,com.google.android.gms.tasks.OnCanceledListener)
com.android.installreferrer.api.InstallReferrerClient$InstallReferrerResponse
okhttp3.internal.platform.ConscryptPlatform:
    public javax.net.ssl.X509TrustManager trustManager(javax.net.ssl.SSLSocketFactory)
androidx.annotation.StringDef
com.badlogic.gdx.ai.fsm.StateMachine
com.google.android.gms.tagmanager.zzfv
com.google.android.gms.games.internal.zzz
com.google.firebase.crashlytics.internal.analytics.BlockingAnalyticsEventLogger:
    boolean isCallbackReceived()
    static final java.lang.String APP_EXCEPTION_EVENT_NAME
com.google.android.gms.internal.ads.zzpn:
    public void <init>()
androidx.asynclayoutinflater.view.AsyncLayoutInflater$1
com.google.firebase.remoteconfig.R$dimen
com.badlogic.gdx.scenes.scene2d.actions.DelayAction:
    public void <init>(float)
    public void finish()
    public float getTime()
    public void setTime(float)
    public float getDuration()
com.google.android.gms.internal.games.zzas
com.badlogic.gdx.ai.btree.utils.DistributionAdapters$13
com.google.android.gms.internal.gtm.zzts
com.badlogic.gdx.graphics.g3d.particles.ParticleChannels$ScaleInitializer
com.google.android.gms.tagmanager.zzdp
com.google.android.gms.games.zzl
com.google.android.gms.internal.drive.zzaw
com.google.android.gms.internal.drive.zzlw:
    public final java.lang.Object newInstance()
    public final void zza(java.lang.Object,byte[],int,int,com.google.android.gms.internal.drive.zziz)
com.google.android.gms.internal.games.zzcy
androidx.room.TypeConverter